[    0.000000] Linuxversion 45.0-64-generic (buildd@lgw01-aamd64-038) (gcc version 7.4.0 (Ubuntu 7.4.0-1ubuntu1~18.04.1)) #73-Ubuntu SMP Thu Sep 12 13:16:13 UTC 2019 (Ubuntu 4.15.0-64.73-generic 4.15.18)
[    0.000000] Command line: BOOT_IMAGE=/boot/vmlinuz-4.15.0-64-generic root=UUID=e48d13b7-639c-4bfa-8c99-0ce40e0faa05 ro console=tty1 console=ttyS0
[    0.000000] KERNEL suppoted cpus:
[    0.000000]   Intel GenuineIntel
[    0.000000]   AMD AuthenticAMD
[    0.000000]   Centaur CentaurHauls
[    0.000000] x86/fpu: Supporting XSAVE feature 0x001: 'x87 floating point registers'
[    0.000000] x86/fpu: Supporting XSAVE feature 0x002: 'SSE registers'
[    0.000000] x86/fpu: Supporting XSAVE feature 0x004: 'AVX registers'
[    0.000000] x86/fpu: xstate_offset[2]:  576, xstate_sizes[2]:  256
[    0.000000] x86/fpu: Enabled xstate features 0x7, context size is 2 bytes, using 'standard' format.
[    0.000000] e820: BIOS-provided physical RAM map:
[    0.000000] BIOS-e820: [mem 0x0000000000000000-0x000000000009fbff] usable
[    0.000000] BIOS-e820: [mem 0x000000000009fc00-0x000000000009ffff] reserved
[    0.000000] BIOS-e820: [mem 0x00000000000f0000-0x00000000000fffff] reserved
[    0.000000] BIOS-e820: [mem 0x0000000000100000-0x000000003ffeffff] usable
[    0.000000] BIOS-e820: [mem 0x000000003fff0000-0x000000003ffffff] ACPI data
[    0.000000] BIOS-e820: [mem 0x00000000fec00000-0x00000000fec00fff] reserved
[    0.000000] BIOS-e820: [mem 0x00000000fee00000-0x00000000fee00fff] reserved
[    0.000000] BIOS-e820: [mem 0x00000000fffc0000-0x00000000ffffffff] reserved
[    0.000000] NX (Execute Disable) protection: active
[    0.000000] SMBIS .5 pesnt.
[   0.000000] DMI: innotek GmbH VirtualBox/VirtualBox, BIOS VirtualBox 12/01/2006
[    0.000000] Hypervisor detected: KVM
[    0000000] e820: last_pfn = 0x3fff0 max_arch_pfn = 0x400000000
[    0.000000] MTRR: Disabled
[    0.000000] x86/PAT: MTRRs disabled, skipping PAT initialization too.
[    0.000000] CPU MTRRs all blank - virtualized system.
[    0.000000] x86/PAT:Coniguration [0-7]: WB  WT  UC- UC  WB  WT  UC- UC  
[    0.000000] found SMP MP-table at [mem 0x0009fff0-0x0009ff]
[    0.000000] Scanning 1 areas for low memory corruption
[    0.0000] RAMDISK: [mem 0x35983000-0x36cb8fff]
[    0.000000] ACPI: Early table checksum verification issabled
[    0.000000] ACPI: RSDP 0x00000000000E0000 000024 (v02 VBOX  )
[    0.000000] ACPI: XSDT 0x000000003FFF0030 00003C (v01 VBOX   VBOXXSDT 00000001 ASL  00000061)
[    0.000000] ACPI: FACP 0x000000003FFF00F 0000F4 (v04 VBOX   VBBOXFA 00000001 ASL  00000061)
[    0.000000] ACPI: DSDT 0x0000003FFF0470 0021FF (v02 VBOX   VBOXBIOS 00000002 INTL 20100528)
[    0.000000] ACPI: FACS 0x000000003FFF0200 000040
[    0.000000] ACPI: FACS 0x000000003FFF0200 000040
    0.000000] ACPI: APIC 0x000000003FFF0240 00005C (v02 VBOX   VBOXAPIC 00000001 ASL  00000061)
[    0.000000] ACPI: SSDT 0x000000003FFF02A0 0001CC (v01 VBOX   VBOXCPUT 00000002 INTL 20100528)
[    0.000000] No NUMA configuration found
[    0.000000] Faking a node at [mem 0x0000000000000000-0x000000003ffeffff]
[    0.000000] NODE_DATA(0) allocated [mem 0x3ffc5000-0x3ffeffff]
[    0.000000] kvm-clock: cpu 0, msr 0:3ff44001, primary cpu clock
[    0.000000] kvm-clock: Using msrs 4b564d01 and 4b564d00
[    .000000] kvm-clock: using sched offset of 5085481506 cycles
[    0.000000] clocksource: kvm-clock: mask: 0xffffffffffffffff max_cycles: 0x1cd42e4dffb, max_idle_ns: 881590591483 ns
[    0.000000] Zone ranges:
[    0.000000]   DMA      [mem 0x0000000000001000-0x0000000000ffffff]
[    0.000000]   DMA32    [mem 0x0000000001000000-0x000000003ffeffff]
[    0.000000]  Normal   empty
[    0.000000]   Device   empty
[   .000000] Moable zone start for each node
[    0.000000] Early memory node ranges
[    0.000000]   node   0: [mem 0x0000000000001000-0x000000000009efff]
[    .000000]   noode   0: [mem 0x0000000000100000-0x00000003ffeffff]
[    0.000000] Reserved ut uvailable: 98 pages
[    0.000000] Initmem setup node 0 [mem 0x0000000000001000-0x000000003ffeffff]
[    0.000000] ACPI: PM-Time IO Port: 0x4008
[    0.000000] IOAPIC[0]: apic_id 2, version 32, address 0xfec000, GSI 0-23
[    0.000000] ACPI: INT_SRC_OVR (bus 0 bus_irq 0 global_irq 2 dfl dfl)
[    0.000000] ACPI: INT_SRC_O (bus 0 bus_irq 9 globl_ir 9 low level)
[    0.000000] Using ACPI (MDT) for SMP configuration informatio
[    0.000000] smpboot: Allowing 2 CPUs, 0 hotplug CPUs
[    0.000000] PM: Registered nosave memory: [mem 0x00000000-0x00000fff]
[    0.000000] PM: Registered nosave memory: [mem 0x0009f000-0x0009ffff]
[    0.000000] PM: Registered nosave memory: [mem 0x000a0000-0x000effff]
[    0.000000] PM: Registered nosave memory: [mem 0x000f0000-0x000fffff]
[    0.000000] e820: [mem 0x40000000-0xfebfffff] available for PCI devices
[    0.000000] Booting paravirtualized kernel on KVM
[    0.000000] clocksource: refined-jiffies: mask: 0xffffffff max_cycles: 0xffffffff, max_idle_ns: 7645519600211568 ns
[    0.000000] random: get_random_bytes called from start_kernel+0x99/0x4fd with crng_init=0
[    0.000000] setup_percpu: NR_CPUS:8192 nr_cpumask_bits:2 nr_cpu_ids:2 nr_node_ids:1
[    0.000000] percpu: Embedded 46 pages/cpu s151552 r8192 d28672 u1048576
[    0.000000] PV qspinlock hash table entries: 256 (order: 0, 4096 bytes)
[    0.000000] Built 1 zonelists, mobility grouping on.  Total pages: 257913
[    0.000000] Policy zone: DMA32
[    0.000000] Kernel command line: BOOT_IMAGE=/boot/vmlinuz-4.15.0-64-generic root=UUID=e48d13b7-639c-4bfa-8c99-0ce40e0faa05 ro console=tty1 conol=ttyS0
[    0.000000] Memory: 982912K/1048120K available (12300K kernel code, 2481K rwdata, 4172K rodata, 2436K init, 2384K bss, 65208K reserved, 0K cma-reserved)
[    0.000000] SLUB: HWalign=64, Order=0-3, MinObjects= CPUs=, Noes=1
[    0.000000] Kernel/User page tables isolation: enabled
[    0.000000] ftrace: allocating 39306 entries in 154 pages
[    0.004000] Hierarchical RCU implmentation.
[    0.004000] 	RCU restricting CPUs from NR_CPUS=8192 to nr_cpu_ids=2.
[    0.004000] 	Tasks RCU enabled.
[    0.004000] RCU: Adjusting geometry for rcu_fanout_leaf=16, nr_cpu_ids=2
[    0.004000] NR_IRQS: 524544, nr_irqs: 440, preallocated irqs: 16
[    0.004000] Console: colour VGA+ 80x25
[    0.004000] console [tty1] enabled
[    0.004000] console [ttyS0] enabled
[    0.004000] ACPI: Core revision 20170831
[    0.004000] ACPI: 2 ACPI AML tables successfully acquired and loaded
[    0.004000] APIC: Switch to symmetric I/O mode setup
[    0.00400] x2apic enabled
[    0.004008] Switched APIC routing to physical x2apic.
[    0.008919] ..TIMER: vector=0x30 apic1=0 pin1=2 apic2=-1 pin2=-1
[    0.012002] tsc: Detected 1607.999 MHz processor
[    0.013316] Calibrating delay loop (skipped) preset value.. 3215.99 BogoMIPS (lpj=6431996)
[    0.016004] pid_max: default: 32768 minimum: 301
[    0.017655] Security Framework initialized
[    0.020007] Yama: becoming mindful.
[    0.021114] AppArmor: AppArmor initialized
[    0.026024] Dentry cache hash table entries: 131072 (order: 8, 1048576 bytes)
[    0.028294] Inode-cache hash table entries: 65536 (order: 7, 524288 bytes)
[    0.032024] Mount-cache hash table entries: 2048 (order: 2, 16384 bytes)
[    0.033793] Mountpoint-cache hash table entries: 2048 (order: 2, 16384 bytes)
[    0.036239] Last level iTLB entries: 4KB 64, 2MB 8, 4MB 8
[    0.040008] Last level dTLB entries: 4KB 64, 2MB 0, 4MB 0, 1GB 4
[    0.044005] Spectre V1 : Mitigation: usercopy/swapgs barriers and __user pointer sanitization
[    0.048006] Spectre V2 : Mitigation: Full generic retpoline
[    0.049695] Spectre V2 : Spectre v2 / SpectreRSB mitigation: Filling RSB on context switch
[    0.052006] Speculative Store Bypass: Vulnerable
[    0.053299] MDS: Vulnerable: Clear CPU buffers attempted, no microcode
[    0.056258] Freeing SMP alternatives memory: 36K
[    0.064000] APIC calibration not consistent with PM-Timer: 98ms instead of 100ms
[    0.064000] APIC delta adjusted to PM-Timer: 6247967 (6178690)
[    0.064069] smpboot: CPU0: Intel(R) Core(TM) i5-8210Y CPU @ 1.60GHz (family: 0x6, model: 0x8e, stepping: 0x9)
[    0.068086] Performance Events: unsupported p6 CPU model 142 no PMU driver, software events only.
[    0.072056] Hierarchical SRCU implementation.
[    0.076850] NMI watchdog: Perf event create on CPU 0 failed with -2
[    0.080004] NMI watchdog: Perf NMI watchdog permanently disabled
[    0.084092] smp: Bringing up secondary CPUs ...
[    0.088113] x86: Booting SMP configuration:
[    0.092010] .... node  #0, CPUs:      #1
[    0.004000] kvm-clock: cpu 1, msr 0:3ff44041, secondary cpu clock
[    0.106919] smp: Brought up 1 node, 2 CPUs
[    0.108008] smpboot: Max logical packages: 1
[    0.109409] smpboot: Total of 2 processors activated (6431.99 BogoMIPS)
[    0.112178] devtmpfs: initialized
[    0.116116] x86/mm: Memory block size: 128MB
[    0.120154] evm: security.selinux
[    0.124004] evm: security.SMACK64
[    0.128003] evm: security.SMACK64EXEC
[    0.132003] evm: security.SMACK64TRANSMUTE
[    0.133404] evm: security.SMACK64MMAP
[    0.136003] evm: security.apparmor
[    0.137148] evm: security.ima
[    0.140007] evm: security.capability
[    0.141392] clocksource: jiffies: mask: 0xffffffff max_cycles: 0xffffffff, max_idle_ns: 7645041785100000 ns
[    0.144010] futex hash table entries: 512 (order: 3, 32768 bytes)
[    0.149827] pinctrl core: initialized pinctrl subsystem
[    0.152131] RTC time:  3:09:49, date: 09/25/19
[    0.153797] NET: Registered protocol family 16
[    0.156079] audit: initializing netlink subsys (disabled)
[    0.157868] audit: type=2000 audit(1569380994.126:1): state=initialized audit_enabled=0 res=1
[    0.224013] cpuidle: using governor ladder
[    0.228016] cpuidle: using governor menu
[    0.229567] ACPI: bus type PCI registered
[    0.231190] acpiphp: ACPI Hot Plug PCI Controller Driver version: 0.5
[    0.232154] PCI: Using configuration type 1 for base access
[    0.240590] HugeTLB registered 2.00 MiB page size, pre-allocated 0 pages
[    0.244148] ACPI: Added _OSI(Module Device)
[    0.248012] ACPI: Added _OSI(Processor Device)
[    0.252016] ACPI: Added _OSI(3.0 _SCP Extensions)
[    0.253562] ACPI: Added _OSI(Processor Aggregator Device)
[    0.256045] ACPI: Added _OSI(Linux-Dell-Video)
[    0.260010] ACPI: Added _OSI(Linux-Lenovo-NV-HDMI-Audio)
[    0.264010] ACPI: Added _OSI(Linux-HPI-Hybrid-Graphics)
[    0.268494] ACPI: Executed 1 blocks of module-level executable AML code
[    0.275038] ACPI: Interpreter enabled
[    0.276000] ACPI: (supports S0 S5)
[    0.276004] ACPI: Using IOAPIC for interrupt routing
[    0.277511] PCI: Using host bridge windows from ACPI; if necessary, use "pci=nocrs" and report a bug
[    0.280247] ACPI: Enabled 2 GPEs in block 00 to 07
[    0.291809] ACPI: PCI Root Bridge [PCI0] (domain 0000 [bus 00-ff])
[    0.292017] acpi PNP0A03:00: _OSC: OS supports [ASPM ClockPM Segments MSI]
[    0.296062] acpi PNP0A03:00: _OSC: not requesting OS control; OS requires [ExtendedConfig ASPM ClockPM MSI]
[    0.300028] acpi PNP0A03:00: fail to add MMCONFIG information, can't access extended PCI configuration space under this bridge.
[    0.305308] PCI host bridge to bus 0000:00
[    0.308012] pci_bus 0000:00: root bus resource [io  0x0000-0x0cf7 window]
[    0.312008] pci_bus 0000:00: root bus resource [io  0x0d00-0xffff window]
[    0.316009] pci_bus 0000:00: root bus resource [mem 0x000a0000-0x000bffff window]
[    0.320012] pci_bus 0000:00: root bus resource [mem 0x40000000-0xfdffffff window]
[    0.324008] pci_bus 0000:00: root bus resource [bus 00-ff]
[    0.333533] pci 0000:00:01.1: legacy IDE quirk: reg 0x10: [io  0x01f0-0x01f7]
[    0.336009] pci 0000:00:01.1: legacy IDE quirk: reg 0x14: [io  0x03f6]
[    0.340031] pci 0000:00:01.1: legacy IDE quirk: reg 0x18: [io  0x0170-0x0177]
[    0.344024] pci 0000:00:01.1: legacy IDE quirk: reg 0x1c: [io  0x0376]
[    0.369293] pci 0000:00:07.0: quirk: [io  0x4000-0x403f] claimed by PIIX4 ACPI
[    0.372048] pci 0000:00:07.0: quirk: [io  0x4100-0x410f] claimed by PIIX4 SMB
[    0.388261] ACPI: PCI Interrupt Link [LNKA] (IRQs 5 9 10 *11)
[    0.392416] ACPI: PCI Interrupt Link [LNKB] (IRQs 5 9 *10 11)
[    0.396195] ACPI: PCI Interrupt Link [LNKC] (IRQs 5 *9 10 11)
[    0.400296] ACPI: PCI Interrupt Link [LNKD] (IRQs 5 9 10 *11)
[    0.404639] SCSI subsystem initialized
[    0.408092] pci 0000:00:02.0: vgaarb: setting as boot VGA device
[    0.412000] pci 0000:00:02.0: vgaarb: VGA device added: decodes=io+mem,owns=io+mem,locks=none
[    0.412013] pci 0000:00:02.0: vgaarb: bridge control possible
[    0.416008] vgaarb: loaded
[    0.417184] ACPI: bus type USB registered
[    0.420049] usbcore: registered new interface driver usbfs
[    0.422016] usbcore: registered new interface driver hub
[    0.424037] usbcore: registered new device driver usb
[    0.428132] EDAC MC: Ver: 3.0.0
[    0.436537] PCI: Using ACPI for IRQ routing
[    0.440561] NetLabel: Initializing
[    0.444004] NetLabel:  domain hash size = 128
[    0.448006] NetLabel:  protocols = UNLABELED CIPSOv4 CALIPSO
[    0.452116] NetLabel:  unlabeled traffic allowed by default
[    0.456097] clocksource: Switched to clocksource kvm-clock
[    0.479866VF Dskquta duo_6..0
[  080609] VFS: Dquot-cacheha table entries: 512 (order 0, 4096 bytes)
[   .967895]ppArmor: AppArmor Filesystem Enabled
[    1.085130] pnp: PnP ACPI init

[    1.090164] pnp: PnP ACPI: found 3 devices
[    1.112254] clocksource: acpi_pm mask: 0xffff x_cls:xffffff, max_idle_ns: 2085701024 ns
[    1.382637] NET: Regier ptol mi 2

[    1.7064] TCP established hash tablenie: 819(oer4,55 bytes)
[    2.128077] TCP bind hash table entries: 8192 (order: 5, 13107bytes)
[    2.231666] TCP: Hash tables configured (established 8192 bind 8192)
[    2.242575] UDP hash table entries: 512 (order: 2, 16384 bytes)
[  2.14] UDP-Lite hash table entries: 512 (order: 2, 16384 bytes)
[    2.399069] NET: Registered protocol family 1
[    2.400551] pci 0000:00:00.0: Liti dre PCI/P tanfers
[    2.666801] pci 0000:00:01.0: Activating ISA DMA hang workrods[    2.728] pci 0000:00:02.0: Vdeo device with shadod ROM at [m 0x0c00x000ff
    3.255653] Unpacking initramfs...

[    3.631622] Freeing initrd memory: 19672K
[    3.634613] clocksource: tsc: mask: 0xffffffffffffffff max_cycles: 0x172da94f0e2, max_idle_ns: 440795278248 ns
[    3.637976] platform rtc_cmos: registered platform RTC device (no PNP device found)
[    3.725149] Scanning for low memory corruption every 60 seconds
[    3.765661] Initialise system trusted keyrings
[    3.788335] Key type blacklist registered
[    3.812819] workingset: timestamp_bits=36 max_order=18 bucket_order=0
[    3.815915] zbud: loaded
[    3.831197] squashfs: version 4.0 (2009/01/31) Phillip Lougher
[    3.868913] fuse init (API version 7.26)
[    3.880642] Key type asymmetric registered
[    3.881938] Asymmetric key parser 'x509' registered
[    3.883232] Block layer SCSI generic (bsg) driver version 0.4 loaded (major 246)
[    3.890782] io scheduler noop registered
[    3.903176] io scheduler deadline registered
[    3.911201] io scheduler cfq registered (default)
[    3.950917] ACPI: AC Adapter [AC] (off-line)
[    3.958138] input: Power Button as /devices/LNXSYSTM:00/LNXPWRBN:00/input/input0
[    3.960884] ACPI: Power Button [PWRF]
[    3.998438] input: Sleep Button as /devices/LNXSYSTM:00/LNXSLPBN:00/input/input1
[    4.031118] ACPI: Sleep Button [SLPF]
[    4.063500] ACPI: Battery Slot [BAT0] (battery present)
[    4.065587]Serial82/150rier 32 prt IRQ sharing enabled

[    4.449477] 00:02:tyS0t O 0x3f8 (irq = 4, base_baud = 115200) is a 16550A
[    4.676467] Linux agpgart interface v0.103
[    4.697105] loop: module loaded
[    4.723139] scsi host0: ata_piix
[    4.730667] scsi host1: ata_piix
[    4.770119] ata1: PATA max UDMA/33 cmd 0x1f0 ctl 0x3f6 bmdma 0xd000 irq 14
[    4.787877] ata2: PATA max UDMA/33 cmd 0x170 ctl 0x376 bmdma 0xd008 irq 15
[    4.790304] libphy: Fixed MDIO Bus: probed
[    4.810249] tun: Universal TUN/TAP device driver, 1.6
[    4.818032] PPP generic driver version 2.4.2
[    4.819929] ehci_hcd: USB 2.0 'Enhanced' Host Controller (EHCI) Driver
[    4.837102] ehci-pci: EHCI PCI platform driver
[    4.862528] ehci-platform: EHCI generic platform driver
[    4.865637] ohci_hcd: USB 1.1 'Open' Host Controller (OHCI) Driver
[    4.867709] ohci-pci: OHCI PCI platform driver
[    4.869792] ohci-platform: OHCI generic platform driver
[    4.897243] uhci_hcd: USB Universal Host Controller Interface driver
[    4.974492] i8042: PNP: PS/2 Controller [PNP0303:PS2K,PNP0f03:PS2M] at 0x60,0x64 irq 1,12
[    4.982899] serio: i8042 KBD port at 0x60,0x64 irq 1
[    .94311 srio: i804AUpot t x60,0x64 i 12

[    5.319065] mousedev: PS/2 mouse device common for all mice
[    5.324211] rtc_cmos rtc_cmos: rtc core: registered rtc_cmos as rtc0
[    5.335441] rtc_cmos rtc_cmos: alarms up to one day, 114 bytes nvram
[    5.364726] i2c /dev entries driver
[    5.377550] input: AT Translated Set 2 keyboard as /devices/platform/i8042/serio0/input/input2
[    5.380823] device-mapper: uevent: version 1.0.3
[    5.382603] device-mapper: ioctl: 4.37.0-ioctl (2017-09-20) initialised: dm-devel@redhat.com
[    5.392678] ledtrig-cpu: registered to indicate activity on CPUs
[    5.395956] NET: Registered protocol family 10
[    5.402951] Segment Routing with IPv6
[    5.404699] NET: Registered protocol family 17
[    5.406986] Key type dns_resolver registered
[    5.411228] mce: Using 0 MCE banks
[    5.420116] RAS: Correctable Errors collector initialized.
[    5.425156] sched_clock: Marking stable (5425008729, 0)->(8440386079, -3015377350)
[    5.470506] registered taskstats version 1
[    5.471974] Loading compiled-in X.509 certificates
[    5.492785] Loaded X.509 cert 'Build time autogenerated kernel key: 9ff85db0b1f72c0c954e4d2eaca5a9366845820b'
[    5.518687] zswap: loaded using pool lzo/zbud
[    5.526972] Key type big_key registered
[    5.528341] Key type trusted registered
[    5.541831] Key type encrypted registered
[    5.543041] AppArmor: AppArmor sha1 policy hashing enabled
[    5.544526] ima: No TPM chip found, activating TPM-bypass! (rc=-19)
[    5.546068] ima: Allocated hash algorithm: sha1
[    5.547252] evm: HMAC attrs: 0x1
[    5.548614]   Magic number: 3:828:159
[    5.549742] rtc_cmos rtc_cmos: setting system clock to 2019-09-25 03:09:55 UTC (1569380995)
[    5.552344] BIOS EDD facility v0.16 2004-Jun-25, 0 devices found
[    5.554681] EDD information not available.
[    5.563200] Freeing unused kernel image memory: 2436K
[    5.592214] Write protecting the kernel read-only data: 20480k
[    5.596262] Freeing unused kernel image memory: 2008K
[    5.600092] Freeing unused kernel image memory: 1972K
[    5.615975] x86/mm: Checked W+X mappings: passed, no W+X pages found.
[    5.621316] x86/mm: Checking user space page tables
[    5.637269] x86/mm: Checked W+X mappings: passed, no W+X pages found.
Loading, please wait...
starting version 237
[    5.735124] e1000: Intel(R) PRO/1000 Network Driver - version 7.3.21-k8-NAPI
[    5.737639] e1000: Copyright (c) 1999-2006 Intel Corporation.
[    5.746448] Fusion MPT base driver 3.04.20
[    5.747957] Copyright (c) 1999-2008 LSI Corporation
[    5.754990] Fusion MPT SPI Host driver 3.04.20
[    5.765913] AVX2 version of gcm_enc/dec engaged.
[    5.767729] AES CTR mode by8 optimization enabled
[    5.986906] input: ImExPS/2 Generic Explorer Mouse as /devices/platform/i8042/serio1/input/input4
[    6.182926] e1000 0000:00:03.0 eth0: (PCI:33MHz:32-bit) 02:b7:91:53:ac:49
[    6.654628] e1000 0000:00:03.0 eth0: Intel(R) PRO/1000 Network Connection
[    6.657615] mptbase: ioc0: Initiating bringup
[    7.027924] ioc0: LSI53C1030 A0: Capabilities={Initiator}
[    8.699184] scsi host2: ioc0: LSI53C1030 A0, FwRev=00000000h, Ports=1, MaxQ=256, IRQ=20
[   10.811797] scsi 2:0:0:0: Direct-Access     VBOX     HARDDISK         1.0  PQ: 0 ANSI: 5
[   11.192220] scsi target2:0:0: Beginning Domain Validation
[   11.199444] scsi target2:0:0: Domain Validation skipping write tests
[   11.241984] scsi target2:0:0: Ending Domain Validation
[   11.243891] scsi target2:0:0: asynchronous
[   11.245913] scsi 2:0:1:0: Direct-Access     VBOX     HARDDISK         1.0  PQ: 0 ANSI: 5
[   11.254119] e1000 0000:00:08.0 eth1: (PCI:33MHz:32-bit) 08:00:27:2a:89:37
[   11.270363] e1000 0000:00:08.0 eth1: Intel(R) PRO/1000 Network Connection
[   11.283442] e1000 0000:00:03.0 enp0s3: renamed from eth0
[   11.340383] scsi target2:0:1: Beginning Domain Validation
[   11.354144] random: fast init done
[   11.356184] scsi target2:0:1: Domain Validation skipping write tests
[   11.356364] random: systemd-udevd: uninitialized urandom read (16 bytes read)
[   11.358265] scsi target2:0:1: Ending Domain Validation
[   11.360907] random: systemd-udevd: uninitialized urandom read (16 bytes read)
[   11.362019] random: systemd-udevd: uninitialized urandom read (16 bytes read)
[   11.364861] e1000 0000:00:08.0 enp0s8: renamed from eth1
[   11.366907] scsi target2:0:1: asynchronous
[   11.381112] sd 2:0:0:0: Attached scsi generic sg0 type 0
[   11.383134] sd 2:0:0:0: [sda] 20971520 512-byte logical blocks: (10.7 GB/10.0 GiB)
[   11.383149] sd 2:0:1:0: Attached scsi generic sg1 type 0
[   11.393176] sd 2:0:0:0: [sda] Write Protect is off
[   11.397258] sd 2:0:1:0: [sdb] 20480 512-byte logical blocks: (10.5 MB/10.0 MiB)
[   11.436334] sd 2:0:1:0: [sdb] Write Protect is off
[   11.444765] sd 2:0:0:0: [sda] Incomplete mode parameter data
[   11.444875] sd 2:0:1:0: [sdb] Incomplete mode parameter data
[   11.446167] sd 2:0:0:0: [sda] Assuming drive cache: write through
[   11.448028] sd 2:0:1:0: [sdb] Assuming drive cache: write through
[   11.483317]  sda: sda1
[   11.486539] sd 2:0:1:0: [sdb] Attached SCSI disk
[   11.517623] sd 2:0:0:0: [sda] Attached SCSI disk
Begin: Loading essential drivers ... [   13.040317] raid6: sse2x1   gen()  9817 MB/s
[   13.104586] raid6: sse2x1   xor()  7211 MB/s
[   13.192035] raid6: sse2x2   gen() 12132 MB/s
[   13.240269] raid6: sse2x2   xor()  8176 MB/s
[   13.288263] raid6: sse2x4   gen() 14407 MB/s
[   13.340255] raid6: sse2x4   xor()  8743 MB/s
[   13.388128] raid6: avx2x1   gen() 17479 MB/s
[   13.436140] raid6: avx2x1   xor()  5408 MB/s
[   13.484559] raid6: avx2x2   gen() 19737 MB/s
[   13.552105] raid6: avx2x2   xor() 15148 MB/s
[   13.604235] raid6: avx2x4   gen() 26950 MB/s
[   13.660365] raid6: avx2x4   xor() 16592 MB/s
[   13.667393] raid6: using algorithm avx2x4 gen() 26950 MB/s
[   13.700273] raid6: .... xor() 16592 MB/s, rmw enabled
[   13.707397] raid6: using avx2x2 recovery algorithm
[   13.711880] xor: automatically using best checksumming function   avx       
[   13.758302] async_tx: api initialized (async)
done.
Begin: Running /scripts/init-premount ... done.
Begin: Mounting root file[   13.811843] Btrfs loaded, crc32c=crc32c-intel
 system ... Begin: Running /scripts/local-top ... done.
Begin: Running /scripts/local-premount ... Scanning for Btrfs filesystems
done.
Warning: fsck not present, so sk[   13.854791] EXT4-fs (sda1): mounted filesystem with ordered data mode. Opts: (null)
ipping root file system
done.
Begin: Running /scripts/local-bottom ... done.
Begin: Running /scripts/init-bottom ... done.
[   14.204337] ip_tables: (C) 2000-2006 Netfilter Core Team
[   14.271305] systemd[1]: systemd 237 running in system mode. (+PAM +AUDIT +SELINUX +IMA +APPARMOR +SMACK +SYSVINIT +UTMP +LIBCRYPTSETUP +GCRYPT +GNUTLS +ACL +XZ +LZ4 +SECCOMP +BLKID +ELFUTILS +KMOD -IDN2 +IDN -PCRE2 default-hierarchy=hybrid)
[   14.369412] systemd[1]: Detected virtualization oracle.
[   14.370854] systemd[1]: Detected architecture x86-64.

Welcome to [1mUbuntu 18.04.2 LTS[0m!

[   14.411867] systemd[1]: Set hostname to <ubuntu-bionic>.
[   14.915341] systemd[1]: Created slice System Slice.
[[0;32m  OK  [0m] Created slice System Slice.
[   14.919219] systemd[1]: Listening on Syslog Socket.
[[0;32m  OK  [0m] Listening on Syslog Socket.
[   14.996777] systemd[1]: Listening on Network Service Netlink Socket.
[[0;32m  OK  [0m] Listening on Network Service Netlink Socket.
[   15.034734] systemd[1]: Reached target User and Group Name Lookups.
[[0;32m  OK  [0m] Reached target User and Group Name Lookups.
[   15.038525] systemd[1]: Reached target System Time Synchronized.
[[0;32m  OK  [0m] Reached target System Time Synchronized.
[   15.077204] systemd[1]: Created slice User and Session Slice.
[[0;32m  OK  [0m] Created slice User and Session Slice.
[[0;32m  OK  [0m] Reached target Slices.
[[0;32m  OK  [0m] Created slice system-serial\x2dgetty.slice.
[[0;32m  OK  [0m] Listening on Journal Socket (/dev/log).
[[0;32m  OK  [0m] Listening on Journal Socket.
         Mounting Kernel Debug File System...
         Starting Load Kernel Modules...
         Starting Set the console keyboard layout...
[   15.295763] Loading iSCSI transport class v2.0-870.
         Starting Create list of required st…ce nodes for the current kernel...
[   15.310900] iscsi: registered transport (tcp)
[[0;32m  OK  [0m] Reached target Swap.
[[0;32m  OK  [0m] Listening on /dev/initctl Compatibility Named Pipe.
         Mounting Huge Pages File System...
[[0;32m  OK  [0m] Listening on udev Kernel Socket.
[[0;32m  OK  [0m] Listening on Journal Audit Socket.
[[0;32m  OK  [0[   15.371358] iscsi: registered transport (iser)
m] Listening on Device-mapper event daemon FIFOs.
         Starting Uncomplicated firewall...
[[0;32m  OK  [0m] Listening on LVM2 metadata daemon socket.
         Starting Monitoring of LVM2 mirrors…ng dmeventd or progress polling...
[[0;32m  OK  [0m] Set up automount Arbitrary Executab…rmats File System Automount Point.
         Mounting POSIX Message Queue File System...
         Starting Remount Root and Kernel File Systems...
[[0;32m  OK  [0m] Started Forward Password Requests to Wall Directory Watch.
[[0;32m  OK  [0m] Listening on udev Control Socket.
         Starting udev Coldplug all Devices...
         Starting Journal Service...
[[0;32m  OK  [0m] Listening on LVM2 poll daemon socket.
[[0;32m  OK  [0m] [   15.757886] EXT4-fs (sda1): re-mounted. Opts: (null)
Mounted Kernel Debug File System.
[[0;32m  OK  [0m] Started Load Kernel Modules.
[[0;32m  OK  [0m] Started Create list of required sta…vice nodes for the current kernel.
[[0;32m  OK  [0m] Mounted Huge Pages File System.
[[0;32m  OK  [0m] Started Uncomplicated firewall.
[[0;32m  OK  [0m] Mounted POSIX Message Queue File System.
[[0;32m  OK  [0m] Started Remount Root and Kernel File Systems.
[[0;32m  OK  [0m] Started LVM2 metadata daemon.
         Starting Load/Save Random Seed...
         Starting Initial cloud-init job (pre-networking)...
         Starting Create Static Device Nodes in /dev...
         Mounting Kernel Configuration File System...
         Starting Apply Kernel Variables...
         Mounting FUSE Control File System...
[[0;32m  OK  [0m] Started Set the console keyboard layout.
[[0;32m  OK  [0m] Started Journal Service.
[[0;32m  OK  [0m] Started Load/Save Random Seed.
[[0;32m  OK  [0m] Mounted Kernel Configuration File System.
[[0;32m  OK  [0m] Mounted FUSE Control File System.
         Starting Flush Journal to Persistent Storage...
[[0;32m  OK  [0m] Started udev Coldplug all Devices.
[[0;32m  OK  [0m] Started Create Static Device Nodes in /dev.
[   15.892754] random: crng init done
[   15.893960] random: 7 urandom warning(s) missed due to ratelimiting
         Starting udev Kernel Device Manager...
[[0;32m  OK  [0m] Started Monitoring of LVM2 mirrors,…sing dmeventd or progress polling.
[[0;32m  OK  [0m] Reached target Local File Systems (Pre).
[[0;32m  OK  [0m] Reached target Local File Systems.
         Starting Set console font and keymap...
         Starting Tell Plymouth To Write Out Runtime Data...
         Starting ebtables ruleset management...
         Starting AppArmor initialization...
[[0;32m  OK  [0m] Started udev Kernel Device Manager.
[[0;32m  OK  [0m] Started Apply Kernel Variables.
[[0;32m  OK  [0m] Started Dispatch Password Requests to Console Directory Watch.
[[0;32m  OK  [0m] Reached target Local Encrypted Volumes.
[[0;32m  OK  [0m] Started Set console font and keymap.
[[0;32m  OK  [0m] Started Tell Plymouth To Write Out Runtime Data.
[[0;32m  OK  [0m] Found device /dev/ttyS0.
[[0;32m  OK  [0m] Listening on Load/Save RF Kill Switch Status /dev/rfkill Watch.
[[0;32m  OK  [0m] Started ebtables ruleset management.
[[0;32m  OK  [0m] Started Flush Journal to Persistent Storage.
         Starting Create Volatile Files and Directories...
[[0;32m  OK  [0m] Found device 82540EM Gigabit Ethern…ler (PRO/1000 MT Desktop Adapter).
[[0;32m  OK  [0m] Started Create Volatile Files and Directories.
         Starting Update UTMP about System Boot/Shutdown...
[[0;32m  OK  [0m] Started Update UTMP about System Boot/Shutdown.
[[0;32m  OK  [0m] Started AppArmor initialization.
[   18.520152] cloud-init[430]: Cloud-init v. 18.5-45-g3554ffe8-0ubuntu1~18.04.1 running 'init-local' at Wed, 25 Sep 2019 03:10:08 +0000. Up 18.25 seconds.
[[0;32m  OK  [0m] Started Initial cloud-init job (pre-networking).
[[0;32m  OK  [0m] Reached target Network (Pre).
         Starting Network Service...
[[0;32m  OK  [0m] Started ifup for enp0s8.
         Starting Raise network interfaces...
[[0;32m  OK  [0m] Started Network Service.
         Starting Network Name Resolution...
         Starting Wait for Network to be Configured...
[[0;32m  OK  [0m] Started Raise network interfaces.
[[0;32m  OK  [0m] Started Network Name Resolution.
[[0;32m  OK  [0m] Reached target Network.
[[0;32m  OK  [0m] Reached target Host and Network Name Lookups.
[[0;32m  OK  [0m] Started Wait for Network to be Configured.
         Starting Initial cloud-init job (metadata service crawler)...
[   21.293523] cloud-init[795]: Cloud-init v. 18.5-45-g3554ffe8-0ubuntu1~18.04.1 running 'init' at Wed, 25 Sep 2019 03:10:11 +0000. Up 21.09 seconds.
[   21.332930] cloud-init[795]: ci-info: ++++++++++++++++++++++++++++++++++++++Net device info+++++++++++++++++++++++++++++++++++++++
[   21.361547] cloud-init[795]: ci-info: +--------+------+-----------------------------+---------------+--------+-------------------+
[   21.424359] cloud-init[795]: ci-info: | Device |  Up  |           Address           |      Mask     | Scope  |     Hw-Address    |
[   21.500289] cloud-init[795]: ci-info: +--------+------+-----------------------------+---------------+--------+-------------------+
[   21.528446] cloud-init[795]: ci-info: | enp0s3 | True |          10.0.2.15          | 255.255.255.0 | global | 02:b7:91:53:ac:49 |
[   21.534303] cloud-init[795]: ci-info: | enp0s3 | True |  fe80::b7:91ff:fe53:ac49/64 |       .       |  link  | 02:b7:91:53:ac:49 |
[   21.544675] cloud-init[795]: ci-info: | enp0s8 | True |        192.168.33.10        | 255.255.255.0 | global | 08:00:27:2a:89:37 |
[   21.548711] cloud-init[795]: ci-info: | enp0s8 | True | fe80::a00:27ff:fe2a:8937/64 |       .       |  link  | 08:00:27:2a:89:37 |
[   21.552660] cloud-init[795]: ci-info: |   lo   | True |          127.0.0.1          |   255.0.0.0   |  host  |         .         |
[   21.587040] cloud-init[795]: ci-info: |   lo   | True |           ::1/128           |       .       |  host  |         .         |
[[0;32m  OK  [0m] Started Initial cloud-init job (metadata service crawler).
[[0;32m  OK  [0m] Reached target System Initialization.
[   21.695092]          cloud-initStarting Socket activation for snappy daemon.[795]: 
ci-info: +--------+------+-----------------------------+---------------+--------+-------------------+
         [   21.840665] cloud-init[795]: ci-info: +++++++++++++++++++++++++++++Route IPv4 info+++++++++++++++++++++++++++++
[   21.842387] cloud-init[795]: ci-info: +-------+--------------+----------+-----------------+-----------+-------+
Starting LXD - unix socket.
[   21.842751] cloud-init[795]: ci-info: | Route | Destination  | Gateway  |     Genmask     | Interface | Flags |
[[   21.920284] cloud-init[795]: ci-info: +-------+--------------+----------+-----------------+-----------+-------+
[   21.920807] cloud-init[795]: ci-info: |   0   |   0.0.0.0    | 10.0.2.2 |     0.0.0.0     |   enp0s3  |   UG  |
[   21.921614] cloud-init[795]: ci-info: |   1   |   10.0.2.0   | 0.0.0.0  |  255.255.255.0  |   enp0s3  |   U   |
[   21.922004] cloud-init[795]: ci-info: |   2   |   10.0.2.2   | 0.0.0.0  | 255.255.255.255 |   enp0s3  |   UH  |
[   21.922989] cloud-init[795]: ci-info: |   3   | 192.168.33.0 | 0.0.0.0  |  255.255.255.0  |   enp0s8  |   U   |
[   21.923433] cloud-init[795]: ci-info: +-------+--------------+----------+-----------------+-----------+-------+
[   21.924037] cloud-init[795]: ci-info: +++++++++++++++++++Route IPv6 info+++++++++++++++++++
[   21.924923] cloud-init[795]: ci-info: +-------+-------------+---------+-----------+-------+
[   21.925407] cloud-init[795]: ci-info: | Route | Destination | Gateway | Interface | Flags |
[   21.926373] cloud-init[795]: ci-info: +-------+-------------+---------+-----------+-------+
[   21.926840] cloud-init[795]: ci-info: |   1   |  fe80::/64  |    ::   |   enp0s8  |   U   |
[   21.927304] cloud-init[795]: ci-info: |   2   |  fe80::/64  |    ::   |   enp0s3  |   U   |
[   21.927779] cloud-init[795]: ci-info: |   4   |    local    |    ::   |   enp0s3  |   U   |
[   21.928779] cloud-init[795]: ci-info: |   5   |    local    |    ::   |   enp0s8  |   U   |
[   21.929231] cloud-init[795]: ci-info: |   6   |   ff00::/8  |    ::   |   enp0s8  |   U   |
[   21.929694] cloud-init[795]: ci-info: |   7   |   ff00::/8  |    ::   |   enp0s3  |   U   |
[   21.930173] cloud-init[795]: ci-info: +-------+-------------+---------+-----------+-------+
[0;32m  OK  [0m] Started Message of the Day.
[[0;32m  OK  [0m] Listening on ACPID Listen Socket.
[[0;32m  OK  [0m] Started ACPI Events Check.
[[0;32m  OK  [0m] Started Discard unused blocks once a week.
[[0;32m  OK  [0m] Listening on D-Bus System Message Bus Socket.
[[0;32m  OK  [0m] Started Daily apt download activities.
[[0;32m  OK  [0m] Started Daily apt upgrade and clean activities.
[[0;32m  OK  [0m] Listening on Open-iSCSI iscsid Socket.
[[0;32m  OK  [0m] Reached target Paths.
[[0;32m  OK  [0m] Listening on UUID daemon activation socket.
[[0;32m  OK  [0m] Started Daily Cleanup of Temporary Directories.
[[0;32m  OK  [0m] Reached target Timers.
[[0;32m  OK  [0m] Listening on lircd.socket.
[[0;32m  OK  [0m] Reached target Network is Online.
         Starting Availability of block devices...
[[0;32m  OK  [0m] Reached target Remote File Systems (Pre).
[[0;32m  OK  [0m] Reached target Remote File Systems.
[[0;32m  OK  [0m] Reached target Cloud-config availability.
[[0;32m  OK  [0m] Listening on Socket activation for snappy daemon.
[[0;32m  OK  [0m] Listening on LXD - unix socket.
[[0;32m  OK  [0m] Started Availability of block devices.
[[0;32m  OK  [0m] Reached target Sockets.
[[0;32m  OK  [0m] Reached target Basic System.
[[0;32m  OK  [0m] Started Convert IR remotes button p…ses to mouse movements and clicks.
         Starting LXD - container startup/shutdown...
         Starting Dispatcher daemon for systemd-networkd...
         Starting System Logging Service...
         Starting Login Service...
         Starting LSB: Record successful boot for GRUB...
[[0;32m  OK  [0m] Started FUSE filesystem for LXC.
         Starting lircd(8) initialization helper tool...
         Starting Snappy daemon...
         Starting LSB: automatic crash report generation...
[[0;32m  OK  [0m] Started Deferred execution scheduler.
[[0;32m  OK  [0m] Started Handle events from IR remotes decoded by lircd(8).
         Starting OpenBSD Secure Shell server...
         Starting Video Disk Recorder...
         Starting Permit User Sessions...
[[0;32m  OK  [0m] Started D-Bus System Message Bus.
[[0;32m  OK  [0m] Started Login Service.
[[0;32m  OK  [0m] Started irqbalance daemon.
         Starting vboxadd.service...
         Starting Accounts Service...
[[0;32m  OK  [0m] Started Unattended Upgrades Shutdown.
[[0;32m  OK  [0m] Started Regular background program processing daemon.
[[0;32m  OK  [0m] Started System Logging Service.
[[0;32m  OK  [0m] Started Dispatcher daemon for systemd-networkd.
[[0;32m  OK  [0m] Started Snappy daemon.
[[0;32m  OK  [0m] Started LXD - container startup/shutdown.
[[0;32m  OK  [0m] Started lircd(8) initialization helper tool.
[[0;32m  OK  [0m] Started Permit User Sessions.
         Starting Terminate Plymouth Boot Screen...
         Starting Hold until boot process finishes up...
[[0;32m  OK  [0m] Started Flexible IR remote input/output application support.
[[0;32m  OK  [0m] Started Forward LIRC button presses as uinput events.
         Starting Wait until snapd is fully seeded...
[[0;32m  OK  [0m] Started OpenBSD Secure Shell server.
[[0;32m  OK  [0m] Started Terminate Plymouth Boot Screen.
[[0;32m  OK  [0m] Started Hold until boot process finishes up.
         Starting Authorization Manager...
         Starting Set console scheme...
[[0;32m  OK  [0m] Started Serial Getty on ttyS0.
[[0;32m  OK  [0m] Started LSB: Record successful boot for GRUB.
[[0;32m  OK  [0m] Started LSB: automatic crash report generation.
[[0;32m  OK  [0m] Started Wait until snapd is fully seeded.
         Starting Apply the settings specified in cloud-config...
[[0;32m  OK  [0m] Started Set console scheme.
[[0;1;31mFAILED[0m] Failed to start Video Disk Recorder.
See 'systemctl status vdr.service' for details.
[[0;32m  OK  [0m] Created slice system-getty.slice.
[[0;32m  OK  [0m] Started Getty on tty1.
[[0;32m  OK  [0m] Reached target Login Prompts.
[[0;32m  OK  [0m] Started Authorization Manager.
[[0;32m  OK  [0m] Started Accounts Service.
[[0;32m  OK  [0m] Created slice User Slice of vagrant.
         Starting User Manager for UID 1000...
[[0;32m  OK  [0m] Started Session 1 of user vagrant.
[[0;32m  OK  [0m] Started User Manager for UID 1000.
[[0;32m  OK  [0m] Started vboxadd.service.
         Starting vboxadd-service.service...
[   24.780801] cloud-init[1138]: Cloud-init v. 18.5-45-g3554ffe8-0ubuntu1~18.04.1 running 'modules:config' at Wed, 25 Sep 2019 03:10:14 +0000. Up 24.58 seconds.
[[0;32m  OK  [0m] Started vboxadd-service.service.
[[0;32m  OK  [0m] Reached target Multi-User System.
[[0;32m  OK  [0m] Reached target Graphical Interface.
         Starting Update UTMP about System Runlevel Changes...
[[0;32m  OK  [0m] Started Apply the settings specified in cloud-config.
         Starting Execute cloud user/final scripts...
[[0;32m  OK  [0m] Started Update UTMP about System Runlevel Changes.
[   25.654596] cloud-init[1332]: Cloud-init v. 18.5-45-g3554ffe8-0ubuntu1~18.04.1 running 'modules:final' at Wed, 25 Sep 2019 03:10:15 +0000. Up 25.51 seconds.
[   25.676518] cloud-init[1332]: Cloud-init v. 18.5-45-g3554ffe8-0ubuntu1~18.04.1 finished at Wed, 25 Sep 2019 03:10:15 +0000. Datasource DataSourceNoCloud [seed=/dev/sdb][dsmode=net].  Up 25.64 seconds
[[0;32m  OK  [0m] Started Execute cloud user/final scripts.
[[0;32m  OK  [0m] Reached target Cloud-init target.

Ubuntu 18.04.2 LTS ubuntu-bionic ttyS0

ubuntu-bionic login: [[0;32m  OK  [0m] Stopped target Host and Network Name Lookups.
[[0;32m  OK  [0m] Stopped target Graphical Interface.
         Stopping Accounts Service...
         Stop         Stopping LSB: automatic crash report generation...
[[0;32m  OK  [0m] Unmounted /var/lib/lxcfs.
[[0;32m  OK  [0m] Stopped Convert IR remotes button p…ses to mouse movements and clicks.
[[0;32m  OK  [0m] Stopped Dispatcher daemon for systemd-networkd.
[[0;32m  OK  [0m] Stopped System Logging Service.
[[0;32m  OK  [0m] Stopped Deferred execution scheduler.
[[0;32m  OK  [0m] Stopped Handle events from IR remotes decoded by lircd(8).
[[0;32m  OK  [0m] Stopped irqbalance daemon.
[[0;32m  OK  [0m] Stopped Accounts Service.
[[0;32m  OK  [0m] Stopped Regular background program processing daemon.
[[0;32m  OK  [0m] Stopped Unattended Upgrades Shutdown.
[[0;32m  OK  [0m] Stopped OpenBSD Secure Shell server.
[[0;32m  OK  [0m] Stopped Forward LIRC button presses as uinput events.
[[0;32m  OK  [0m] Stopped Authorization Manager.
[[0;32m  OK  [0m] Stopped Serial Getty on ttyS0.
[[0;32m  OK  [0m] Stopped Getty on tty1.
[[0;32m  OK  [0m] Stopped User Manager for UID 1000.
[[0;32m  OK  [0m] Stopped Availability of block devices.
[[0;32m  OK  [0m] Stopped D-Bus System Message Bus.
[[0;32m  OK  [0m] Stopped FUSE filesystem for LXC.
[[0;32m  OK  [0m] Stopped Session 5 of user vagrant.
[[0;32m  OK  [0m] Stopped Session 3 of user vagrant.
[[0;32m  OK  [0m] Removed slice User Slice of vagrant.
[[0;32m  OK  [0m] Removed slice system-getty.slice.
[[0;32m  OK  [0m] Removed slice system-serial\x2dgetty.slice.
         Stopping Permit User Sessions...
         Stopping Flexible IR remote input/output application support...
         Stopping Login Service...
[[0;32m  OK  [0m] Stopped Flexible IR remote input/output application support.
[[0;32m  OK  [0m] Stopped LXD - container startup/shutdown.
[[0;32m  OK  [0m] Stopped LSB: Record successful boot for GRUB.
[[0;32m  OK  [0m] Stopped vboxadd-service.service.
[[0;32m  OK  [0m] Stopped LSB: automatic crash report generation.
[[0;32m  OK  [0m] Stopped Permit User Sessions.
[[0;32m  OK  [0m] Stopped target Remote File Systems.
[[0;32m  OK  [0m] Stopped target Remote File Systems (Pre).
         Stopping vboxadd.service...
[[0;32m  OK  [0m] Stopped target Network.
         Stopping ifup for enp0s8...
         Stopping Network Name Resolution...
[[0;32m  OK  [0m] Stopped Login Service.
[[0;32m  OK  [0m] Stopped target User and Group Name Lookups.
[[0;32m  OK  [0m] Stopped Network Name Resolution.
[[0;32m  OK  [0m] Stopped ifup for enp0s8.
[[0;32m  OK  [0m] Unmounted /vagrant.
[[0;32m  OK  [0m] Stopped vboxadd.service.
[[0;32m  OK  [0m] Stopped target Basic System.
[[0;32m  OK  [0m] Stopped target Sockets.
[[0;32m  OK  [0m] Closed UUID daemon activation socket.
[[0;32m  OK  [0m] Closed Open-iSCSI iscsid Socket.
[[0;32m  OK  [0m] Closed D-Bus System Message Bus Socket.
[[0;32m  OK  [0m] Closed Socket activation for snappy daemon.
[[0;32m  OK  [0m] Closed lircd.socket.
[[0;32m  OK  [0m] Closed Syslog Socket.
[[0;32m  OK  [0m] Closed LXD - unix socket.
[[0;32m  OK  [0m] Closed ACPID Listen Socket.
[[0;32m  OK  [0m] Stopped target Paths.
[[0;32m  OK  [0m] Stopped ACPI Events Check.
[[0;32m  OK  [0m] Stopped target Slices.
[[0;32m  OK  [0m] Removed slice User and Session Slice.
[[0;32m  OK  [0m] Stopped target System Initialization.
         Stopping Update UTMP about System Boot/Shutdown...
[[0;32m  OK  [0m] Stopped Initial cloud-init job (metadata service crawler).
         Stopping Raise network interfaces...
[[0;32m  OK  [0m] Stopped Wait for Network to be Configured.
         Stopping Network Service...
[[0;32m  OK  [0m] Stopped target Local Encrypted Volumes.
[[0;32m  OK  [0m] Stopped Forward Password Requests to Wall Directory Watch.
[[0;32m  OK  [0m] Stopped Dispatch Password Requests to Console Directory Watch.
         Stopping Load/Save Random Seed...
[[0;32m  OK  [0m] Stopped Network Service.
[[0;32m  OK  [0m] Stopped Raise network interfaces.
[[0;32m  OK  [0m] Stopped Load/Save Random Seed.
[[0;32m  OK  [0m] Stopped target Network (Pre).
[[0;32m  OK  [0m] Stopped Initial cloud-init job (pre-networking).
[[0;32m  OK  [0m] Stopped Apply Kernel Variables.
[[0;32m  OK  [0m] Stopped Load Kernel Modules.
[[0;32m  OK  [0m] Stopped Update UTMP about System Boot/Shutdown.
[[0;32m  OK  [0m] Stopped Create Volatile Files and Directories.
[[0;32m  OK  [0m] Stopped target Local File Systems.
         Unmounting /run/user/1000...
[[0;32m  OK  [0m] Unmounted /run/user/1000.
[[0;32m  OK  [0m] Reached target Unmount All Filesystems.
[[0;32m  OK  [0m] Stopped target Swap.
[[0;32m  OK  [0m] Stopped target Local File Systems (Pre).
[[0;32m  OK  [0m] Stopped Create Static Device Nodes in /dev.
[[0;32m  OK  [0m] Stopped Remount Root and Kernel File Systems.
[[0;32m  OK  [0m] Reached target Shutdown.
[[0;32m  OK  [0m] Reached target Final Step.
         Starting Power-Off...
         Stopping Monitoring of LVM2 mirrors…ng dmeventd or progress polling...
[[0;32m  OK  [0m] Stopped Monitoring of LVM2 mirrors,…sing dmeventd or progress polling.
         Stopping LVM2 metadata daemon...
[[0;32m  OK  [0m] Stopped LVM2 metadata daemon.
[  273.805150] reboot: Power down
